<?xml version="1.0" encoding="UTF-8"?>
<!-- Generated by org.testng.reporters.JUnitXMLReporter -->
<testsuite hostname="DESKTOP-2GSVMEN" ignored="0" name="DataProvider" tests="9" failures="0" timestamp="08 十月 2020 13:06:13 GMT" time="0.023" errors="0">
  <testcase name="testLogin" time="0.003" classname="LoginData.LoginDataProvideTest"/>
  <testcase name="testLogin" time="0.001" classname="LoginData.LoginDataProvideTest"/>
  <testcase name="testLogin" time="0.0" classname="LoginData.LoginDataProvideTest"/>
  <testcase name="testLogin" time="0.0" classname="LoginData.LoginDataProvideTest"/>
  <testcase name="testLogin" time="0.001" classname="LoginData.LoginDataProvideTest"/>
  <testcase name="testLogin" time="0.001" classname="LoginData.LoginDataProvideTest"/>
  <testcase name="testGetPrice" time="0.001" classname="LoginData.ShoppingDataProvideTest"/>
  <testcase name="testGetPrice" time="0.001" classname="LoginData.ShoppingDataProvideTest"/>
  <testcase name="testGetPrice" time="0.0" classname="LoginData.ShoppingDataProvideTest"/>
</testsuite> <!-- DataProvider -->
