<?xml version="1.0" encoding="UTF-8"?>
<!-- Generated by org.testng.reporters.JUnitXMLReporter -->
<testsuite hostname="DESKTOP-2GSVMEN" ignored="0" name="Default test" tests="9" failures="0" timestamp="2020-10-08T21:04:42 CST" time="0.177" errors="0">
  <testcase name="testLogin" time="0.018" classname="LoginData.LoginDataProvideTest"/>
  <testcase name="testLogin" time="0.004" classname="LoginData.LoginDataProvideTest"/>
  <testcase name="testLogin" time="0.002" classname="LoginData.LoginDataProvideTest"/>
  <testcase name="testLogin" time="0.003" classname="LoginData.LoginDataProvideTest"/>
  <testcase name="testLogin" time="0.003" classname="LoginData.LoginDataProvideTest"/>
  <testcase name="testLogin" time="0.002" classname="LoginData.LoginDataProvideTest"/>
  <testcase name="testGetPrice" time="0.004" classname="LoginData.ShoppingDataProvideTest"/>
  <testcase name="testGetPrice" time="0.002" classname="LoginData.ShoppingDataProvideTest"/>
  <testcase name="testGetPrice" time="0.002" classname="LoginData.ShoppingDataProvideTest"/>
</testsuite> <!-- Default test -->
