<?xml version="1.0" encoding="UTF-8"?>
<!-- Generated by org.testng.reporters.JUnitXMLReporter -->
<testsuite hostname="DESKTOP-2GSVMEN" ignored="0" name="testng1.xml" tests="3" failures="0" timestamp="2020-10-08T20:48:57 CST" time="0.162" errors="0">
  <testcase name="TestLoginParam" time="0.014" classname="LoginParam.LoginParamsTest"/>
  <testcase name="testGetPrice" time="0.005" classname="LoginParam.ShoppingParamsTest"/>
  <testcase name="testGetProduct" time="0.004" classname="LoginParam.ShoppingParamsTest"/>
</testsuite> <!-- testng1.xml -->
