<?xml version="1.0" encoding="UTF-8"?>
<!-- Generated by org.testng.reporters.JUnitXMLReporter -->
<testsuite hostname="DESKTOP-2GSVMEN" ignored="0" name="testng2.xml" tests="4" failures="0" timestamp="2020-10-08T20:12:21 CST" time="0.129" errors="0">
  <testcase name="testUserLogin1" time="0.019" classname="TestXunit.LoginTest"/>
  <testcase name="testUserLogin2" time="0.002" classname="TestXunit.LoginTest"/>
  <testcase name="testUserLogin3" time="0.003" classname="TestXunit.LoginTest"/>
  <testcase name="testUserLogin4" time="0.004" classname="TestXunit.LoginTest"/>
</testsuite> <!-- testng2.xml -->
