<?xml version="1.0" encoding="UTF-8"?>
<!-- Generated by org.testng.reporters.JUnitXMLReporter -->
<testsuite hostname="DESKTOP-2GSVMEN" ignored="0" name="testng.xml" tests="4" failures="0" timestamp="08 十月 2020 13:06:13 GMT" time="0.065" errors="0">
  <testcase name="testUserLogin1" time="0.012" classname="TestXunit.LoginTest"/>
  <testcase name="testUserLogin2" time="0.0" classname="TestXunit.LoginTest"/>
  <testcase name="testUserLogin3" time="0.0" classname="TestXunit.LoginTest"/>
  <testcase name="testUserLogin4" time="0.001" classname="TestXunit.LoginTest"/>
</testsuite> <!-- testng.xml -->
