<?xml version="1.0" encoding="UTF-8"?>
<!-- Generated by org.testng.reporters.JUnitXMLReporter -->
<testsuite hostname="DESKTOP-2GSVMEN" ignored="0" name="Parameter" tests="3" failures="0" timestamp="08 十月 2020 13:06:13 GMT" time="0.014" errors="0">
  <testcase name="TestLoginParam" time="0.001" classname="LoginParam.LoginParamsTest"/>
  <testcase name="testGetPrice" time="0.002" classname="LoginParam.ShoppingParamsTest"/>
  <testcase name="testGetProduct" time="0.0" classname="LoginParam.ShoppingParamsTest"/>
</testsuite> <!-- Parameter -->
